<?xml version="1.0" encoding="UTF-8"?>
<testsuite xmlns:xsi="http://www.w3.org/2001/XMLSchema-instance" xsi:noNamespaceSchemaLocation="https://maven.apache.org/surefire/maven-surefire-plugin/xsd/surefire-test-report.xsd" name="io.michaelcane.CalculatorSpec" time="0.121" tests="21" errors="0" skipped="0" failures="0">
  <properties>
[...]
</properties>
  <testcase name="test$inverseTangent" classname="io.michaelcane.CalculatorSpec" time="0.003"/>
  <testcase name="test$divide" classname="io.michaelcane.CalculatorSpec" time="0"/>
  <testcase name="test$multiply" classname="io.michaelcane.CalculatorSpec" time="0"/>
  <testcase name="test$sin" classname="io.michaelcane.CalculatorSpec" time="0"/>
  <testcase name="test$sum" classname="io.michaelcane.CalculatorSpec" time="0.001"/>
  <testcase name="test$inverseCosin" classname="io.michaelcane.CalculatorSpec" time="0"/>
  <testcase name="test$square" classname="io.michaelcane.CalculatorSpec" time="0"/>
  <testcase name="test$invertPositiveAndNegative" classname="io.michaelcane.CalculatorSpec" time="0"/>
  <testcase name="test$squareRoot" classname="io.michaelcane.CalculatorSpec" time="0.001"/>
  <testcase name="test$inverseLogarithm" classname="io.michaelcane.CalculatorSpec" time="0"/>
  <testcase name="test$inverseSine" classname="io.michaelcane.CalculatorSpec" time="0"/>
  <testcase name="test$cubePositive" classname="io.michaelcane.CalculatorSpec" time="0.001"/>
  <testcase name="test$cubeNegative" classname="io.michaelcane.CalculatorSpec" time="0"/>
  <testcase name="test$cosin" classname="io.michaelcane.CalculatorSpec" time="0"/>
  <testcase name="test$naturalLogarithm" classname="io.michaelcane.CalculatorSpec" time="0.001"/>
  <testcase name="test$logarithm" classname="io.michaelcane.CalculatorSpec" time="0.003"/>
  <testcase name="test$subract" classname="io.michaelcane.CalculatorSpec" time="0.001"/>
  <testcase name="test$variableExponentiation" classname="io.michaelcane.CalculatorSpec" time="0"/>
  <testcase name="test$tangent" classname="io.michaelcane.CalculatorSpec" time="0.001"/>
  <testcase name="test$inverseNaturalLog" classname="io.michaelcane.CalculatorSpec" time="0"/>
  <testcase name="test$factorial" classname="io.michaelcane.CalculatorSpec" time="0"/>
</testsuite>